<?xml version="1.0" encoding="UTF-8" standalone="no"?>
<!DOCTYPE log SYSTEM "logger.dtd">
<log>
<record>
  <date>2020-05-29T15:36:36</date>
  <millis>1590741396368</millis>
  <sequence>0</sequence>
  <level>START</level>
  <class>com.kms.katalon.core.logging.XmlKeywordLogger</class>
  <method>startSuite</method>
  <thread>1</thread>
  <message>Start Test Suite : Test Suites/addPrivateChannel_datadriven_suite</message>
  <nestedLevel>0</nestedLevel>
  <property name="name">addPrivateChannel_datadriven_suite</property>
  <property name="description"></property>
  <property name="id">Test Suites/addPrivateChannel_datadriven_suite</property>
</record>
<record>
  <date>2020-05-29T15:36:36</date>
  <millis>1590741396381</millis>
  <sequence>1</sequence>
  <level>RUN_DATA</level>
  <class>com.kms.katalon.core.logging.XmlKeywordLogger</class>
  <method>logMessage</method>
  <thread>1</thread>
  <message>hostName = Van Hoang - DESKTOP-P2TV5PF</message>
  <nestedLevel>0</nestedLevel>
  <property name="hostName">Van Hoang - DESKTOP-P2TV5PF</property>
</record>
<record>
  <date>2020-05-29T15:36:36</date>
  <millis>1590741396381</millis>
  <sequence>2</sequence>
  <level>RUN_DATA</level>
  <class>com.kms.katalon.core.logging.XmlKeywordLogger</class>
  <method>logMessage</method>
  <thread>1</thread>
  <message>os = Windows 10 64bit</message>
  <nestedLevel>0</nestedLevel>
  <property name="os">Windows 10 64bit</property>
</record>
<record>
  <date>2020-05-29T15:36:36</date>
  <millis>1590741396381</millis>
  <sequence>3</sequence>
  <level>RUN_DATA</level>
  <class>com.kms.katalon.core.logging.XmlKeywordLogger</class>
  <method>logMessage</method>
  <thread>1</thread>
  <message>hostAddress = 192.168.1.6</message>
  <nestedLevel>0</nestedLevel>
  <property name="hostAddress">192.168.1.6</property>
</record>
<record>
  <date>2020-05-29T15:36:36</date>
  <millis>1590741396382</millis>
  <sequence>4</sequence>
  <level>RUN_DATA</level>
  <class>com.kms.katalon.core.logging.XmlKeywordLogger</class>
  <method>logMessage</method>
  <thread>1</thread>
  <message>katalonVersion = 7.4.0.1</message>
  <nestedLevel>0</nestedLevel>
  <property name="katalonVersion">7.4.0.1</property>
</record>
<record>
  <date>2020-05-29T15:36:36</date>
  <millis>1590741396671</millis>
  <sequence>5</sequence>
  <level>START</level>
  <class>com.kms.katalon.core.logging.XmlKeywordLogger</class>
  <method>startTest</method>
  <thread>1</thread>
  <message>Start Test Case : Test Cases/addPrivateChannel_datadriven_testcase</message>
  <nestedLevel>1</nestedLevel>
  <property name="name">Test Cases/addPrivateChannel_datadriven_testcase</property>
  <property name="description"></property>
  <property name="id">Test Cases/addPrivateChannel_datadriven_testcase</property>
  <property name="source">C:\\Users\\Van Hoang\\git\\1512660_hw2_katalon\\Test Cases\\addPrivateChannel_datadriven_testcase.tc</property>
  <property name="tag"></property>
  <property name="isOptional">false</property>
</record>
<record>
  <date>2020-05-29T15:36:36</date>
  <millis>1590741396687</millis>
  <sequence>6</sequence>
  <level>END</level>
  <class>com.kms.katalon.core.logging.XmlKeywordLogger</class>
  <method>endTest</method>
  <thread>1</thread>
  <message>End Test Case : Test Cases/addPrivateChannel_datadriven_testcase</message>
  <nestedLevel>0</nestedLevel>
</record>
</log>
